Arguments: 
  C:\Program Files\nodejs\node.exe C:\Program Files (x86)\Yarn\bin\yarn.js start

PATH: 
  C:\Python38\Scripts\;C:\Python38\;C:\Program Files (x86)\Common Files\Oracle\Java\javapath;C:\Program Files (x86)\Intel\iCLS Client\;C:\Program Files\Intel\iCLS Client\;C:\Windows\system32;C:\Windows;C:\Windows\System32\Wbem;C:\Windows\System32\WindowsPowerShell\v1.0\;C:\Program Files (x86)\Intel\Intel(R) Management Engine Components\DAL;C:\Program Files\Intel\Intel(R) Management Engine Components\DAL;C:\Program Files (x86)\Intel\Intel(R) Management Engine Components\IPT;C:\Program Files\Intel\Intel(R) Management Engine Components\IPT;C:\Program Files (x86)\NVIDIA Corporation\PhysX\Common;C:\WINDOWS\system32;C:\WINDOWS;C:\WINDOWS\System32\Wbem;C:\WINDOWS\System32\WindowsPowerShell\v1.0\;C:\WINDOWS\System32\OpenSSH\;D:\Software\MATLAB\R2019a\bin;C:\Program Files (x86)\Wolfram Research\WolframScript\;C:\Python27;C:\Software\MATLAB\MATLAB Runtime\v96\runtime\win64;C:\Software\MATLAB\R2019a\runtime\win64;c:\software\altera\72\quartus\bin;C:\Ruby26-x64;C:\Program Files\nodejs\;C:\ProgramData\chocolatey\bin;C:\Program Files\Git\cmd;C:\Program Files (x86)\Yarn\bin\;C:\Ruby26-x64\bin;C:\Software\altera\72\modelsim_ae\win32aloem;C:\Python37\Scripts\;C:\Python37\;C:\Users\lousk\AppData\Local\Microsoft\WindowsApps;D:\Software\altera\13.0sp1\modelsim_ase\win32aloem;C:\Users\lousk\AppData\Local\atom\bin;C:\Users\lousk\AppData\Local\Programs\Microsoft VS Code\bin;C:\Program Files\JetBrains\WebStorm 2019.1.2\bin;;C:\Users\lousk\AppData\Roaming\npm;C:\Users\lousk\AppData\Local\Yarn\bin;C:\Program Files\JetBrains\PyCharm Community Edition 2020.2\bin;

Yarn version: 
  1.22.4

Node version: 
  12.18.2

Platform: 
  win32 x64

Trace: 
  SyntaxError: D:\Eliav\programming\my projects\react-native-expandable-view\package.json: Unexpected string in JSON at position 259
      at JSON.parse (<anonymous>)
      at C:\Program Files (x86)\Yarn\lib\cli.js:1625:59
      at Generator.next (<anonymous>)
      at step (C:\Program Files (x86)\Yarn\lib\cli.js:310:30)
      at C:\Program Files (x86)\Yarn\lib\cli.js:321:13

npm manifest: 
  {
    "name": "react-native-expandable-view",
    "version": "1.0.0",
    "description": "An expandable View element implemented using react-native-collapsible",
    "main": "src/index.js",
    "scripts": {
      "test": "echo \"Error: no test specified\" && exit 1"
      "start": "npm start --prefix ./example"
    },
    "author": "Eliav Louski",
    "license": "MIT",
    "dependencies": {
      "react": "^16.13.1",
      "react-native": "^0.63.2",
      "react-native-collapsible": "^1.5.3"
    }
  }

yarn manifest: 
  No manifest

Lockfile: 
  No lockfile
